<?xml version="1.0" encoding="UTF-8"?>
<coverage generated="1682321043939" clover="3.2.0">
  <project timestamp="1682321043939" name="All files">
    <metrics statements="79" coveredstatements="79" conditionals="31" coveredconditionals="30" methods="22" coveredmethods="22" elements="132" coveredelements="131" complexity="0" loc="79" ncloc="79" packages="1" files="6" classes="6"/>
    <file name="card.js" path="E:\JavaScript\7half\javascript\model\card.js">
      <metrics statements="4" coveredstatements="4" conditionals="0" coveredconditionals="0" methods="1" coveredmethods="1"/>
      <line num="8" count="5" type="stmt"/>
      <line num="9" count="5" type="stmt"/>
      <line num="17" count="487" type="stmt"/>
      <line num="18" count="487" type="stmt"/>
    </file>
    <file name="deck.js" path="E:\JavaScript\7half\javascript\model\deck.js">
      <metrics statements="10" coveredstatements="10" conditionals="0" coveredconditionals="0" methods="6" coveredmethods="6"/>
      <line num="10" count="32" type="stmt"/>
      <line num="17" count="8" type="stmt"/>
      <line num="24" count="12" type="stmt"/>
      <line num="25" count="48" type="stmt"/>
      <line num="26" count="480" type="stmt"/>
      <line num="35" count="11" type="stmt"/>
      <line num="36" count="429" type="stmt"/>
      <line num="37" count="429" type="stmt"/>
      <line num="46" count="13" type="stmt"/>
      <line num="54" count="16" type="stmt"/>
    </file>
    <file name="game.js" path="E:\JavaScript\7half\javascript\model\game.js">
      <metrics statements="26" coveredstatements="26" conditionals="9" coveredconditionals="8" methods="8" coveredmethods="8"/>
      <line num="16" count="4" type="stmt"/>
      <line num="18" count="5" type="stmt"/>
      <line num="20" count="5" type="stmt"/>
      <line num="22" count="5" type="stmt"/>
      <line num="24" count="5" type="stmt"/>
      <line num="26" count="4" type="stmt"/>
      <line num="35" count="5" type="stmt"/>
      <line num="45" count="3" type="stmt"/>
      <line num="53" count="7" type="stmt"/>
      <line num="55" count="7" type="stmt"/>
      <line num="57" count="7" type="stmt"/>
      <line num="59" count="7" type="stmt"/>
      <line num="61" count="7" type="stmt"/>
      <line num="63" count="7" type="stmt"/>
      <line num="65" count="7" type="stmt"/>
      <line num="77" count="2" type="cond" truecount="5" falsecount="0"/>
      <line num="80" count="1" type="stmt"/>
      <line num="81" count="1" type="stmt"/>
      <line num="84" count="1" type="cond" truecount="1" falsecount="1"/>
      <line num="85" count="1" type="stmt"/>
      <line num="94" count="5" type="cond" truecount="2" falsecount="0"/>
      <line num="96" count="2" type="stmt"/>
      <line num="98" count="4" type="stmt"/>
      <line num="102" count="5" type="stmt"/>
      <line num="111" count="8" type="stmt"/>
      <line num="113" count="8" type="stmt"/>
    </file>
    <file name="jury.js" path="E:\JavaScript\7half\javascript\model\jury.js">
      <metrics statements="21" coveredstatements="21" conditionals="14" coveredconditionals="14" methods="1" coveredmethods="1"/>
      <line num="15" count="16" type="stmt"/>
      <line num="17" count="16" type="cond" truecount="2" falsecount="0"/>
      <line num="18" count="2" type="stmt"/>
      <line num="19" count="2" type="stmt"/>
      <line num="22" count="14" type="cond" truecount="2" falsecount="0"/>
      <line num="23" count="2" type="stmt"/>
      <line num="24" count="2" type="stmt"/>
      <line num="27" count="12" type="cond" truecount="2" falsecount="0"/>
      <line num="28" count="4" type="stmt"/>
      <line num="29" count="4" type="stmt"/>
      <line num="32" count="8" type="cond" truecount="2" falsecount="0"/>
      <line num="33" count="2" type="stmt"/>
      <line num="36" count="6" type="cond" truecount="2" falsecount="0"/>
      <line num="37" count="2" type="stmt"/>
      <line num="44" count="4" type="stmt"/>
      <line num="49" count="4" type="stmt"/>
      <line num="51" count="4" type="stmt"/>
      <line num="52" count="4" type="stmt"/>
      <line num="54" count="4" type="cond" truecount="4" falsecount="0"/>
      <line num="56" count="2" type="stmt"/>
      <line num="60" count="2" type="stmt"/>
    </file>
    <file name="machine.js" path="E:\JavaScript\7half\javascript\model\machine.js">
      <metrics statements="6" coveredstatements="6" conditionals="4" coveredconditionals="4" methods="2" coveredmethods="2"/>
      <line num="12" count="8" type="stmt"/>
      <line num="32" count="3" type="cond" truecount="2" falsecount="0"/>
      <line num="33" count="6" type="stmt"/>
      <line num="34" count="6" type="stmt"/>
      <line num="36" count="6" type="cond" truecount="2" falsecount="0"/>
      <line num="37" count="3" type="stmt"/>
    </file>
    <file name="player.js" path="E:\JavaScript\7half\javascript\model\player.js">
      <metrics statements="12" coveredstatements="12" conditionals="4" coveredconditionals="4" methods="4" coveredmethods="4"/>
      <line num="12" count="18" type="stmt"/>
      <line num="13" count="18" type="stmt"/>
      <line num="14" count="18" type="stmt"/>
      <line num="25" count="12" type="stmt"/>
      <line num="26" count="12" type="stmt"/>
      <line num="27" count="12" type="cond" truecount="2" falsecount="0"/>
      <line num="28" count="10" type="stmt"/>
      <line num="30" count="2" type="stmt"/>
      <line num="32" count="12" type="stmt"/>
      <line num="40" count="2" type="cond" truecount="2" falsecount="0"/>
      <line num="41" count="1" type="stmt"/>
      <line num="50" count="38" type="stmt"/>
    </file>
  </project>
</coverage>
