{"E:\\JavaScript\\7half\\javascript\\model\\card.js": {"path":"E:\\JavaScript\\7half\\javascript\\model\\card.js","statementMap":{"0":{"start":{"line":8,"column":17},"end":{"line":8,"column":41}},"1":{"start":{"line":9,"column":18},"end":{"line":9,"column":71}},"2":{"start":{"line":17,"column":4},"end":{"line":17,"column":21}},"3":{"start":{"line":18,"column":4},"end":{"line":18,"column":23}}},"fnMap":{"0":{"name":"(anonymous_0)","decl":{"start":{"line":16,"column":2},"end":{"line":16,"column":3}},"loc":{"start":{"line":16,"column":27},"end":{"line":19,"column":3}},"line":16}},"branchMap":{},"s":{"0":5,"1":5,"2":487,"3":487},"f":{"0":487},"b":{},"_coverageSchema":"1a1c01bbd47fc00a2c39e90264f33305004495a9","hash":"ef7b55fbbeac49f03573bfa0181a48a36d38349a"}
,"E:\\JavaScript\\7half\\javascript\\model\\deck.js": {"path":"E:\\JavaScript\\7half\\javascript\\model\\deck.js","statementMap":{"0":{"start":{"line":10,"column":4},"end":{"line":10,"column":20}},"1":{"start":{"line":17,"column":4},"end":{"line":17,"column":20}},"2":{"start":{"line":24,"column":4},"end":{"line":28,"column":5}},"3":{"start":{"line":25,"column":6},"end":{"line":27,"column":7}},"4":{"start":{"line":26,"column":8},"end":{"line":26,"column":47}},"5":{"start":{"line":35,"column":4},"end":{"line":38,"column":5}},"6":{"start":{"line":35,"column":17},"end":{"line":35,"column":38}},"7":{"start":{"line":36,"column":16},"end":{"line":36,"column":51}},"8":{"start":{"line":37,"column":6},"end":{"line":37,"column":70}},"9":{"start":{"line":46,"column":4},"end":{"line":46,"column":28}},"10":{"start":{"line":54,"column":4},"end":{"line":54,"column":26}}},"fnMap":{"0":{"name":"(anonymous_0)","decl":{"start":{"line":9,"column":2},"end":{"line":9,"column":3}},"loc":{"start":{"line":9,"column":16},"end":{"line":11,"column":3}},"line":9},"1":{"name":"(anonymous_1)","decl":{"start":{"line":16,"column":2},"end":{"line":16,"column":3}},"loc":{"start":{"line":16,"column":12},"end":{"line":18,"column":3}},"line":16},"2":{"name":"(anonymous_2)","decl":{"start":{"line":23,"column":2},"end":{"line":23,"column":3}},"loc":{"start":{"line":23,"column":11},"end":{"line":29,"column":3}},"line":23},"3":{"name":"(anonymous_3)","decl":{"start":{"line":34,"column":2},"end":{"line":34,"column":3}},"loc":{"start":{"line":34,"column":12},"end":{"line":39,"column":3}},"line":34},"4":{"name":"(anonymous_4)","decl":{"start":{"line":45,"column":2},"end":{"line":45,"column":3}},"loc":{"start":{"line":45,"column":8},"end":{"line":47,"column":3}},"line":45},"5":{"name":"(anonymous_5)","decl":{"start":{"line":53,"column":2},"end":{"line":53,"column":3}},"loc":{"start":{"line":53,"column":13},"end":{"line":55,"column":3}},"line":53}},"branchMap":{},"s":{"0":32,"1":8,"2":12,"3":48,"4":480,"5":11,"6":11,"7":429,"8":429,"9":13,"10":16},"f":{"0":32,"1":8,"2":12,"3":11,"4":13,"5":16},"b":{},"_coverageSchema":"1a1c01bbd47fc00a2c39e90264f33305004495a9","hash":"cb88590b26b0e10452d910c0820611c15c5db4d6"}
,"E:\\JavaScript\\7half\\javascript\\model\\game.js": {"path":"E:\\JavaScript\\7half\\javascript\\model\\game.js","statementMap":{"0":{"start":{"line":16,"column":19},"end":{"line":16,"column":21}},"1":{"start":{"line":18,"column":15},"end":{"line":18,"column":25}},"2":{"start":{"line":20,"column":15},"end":{"line":20,"column":31}},"3":{"start":{"line":22,"column":17},"end":{"line":22,"column":34}},"4":{"start":{"line":24,"column":12},"end":{"line":24,"column":13}},"5":{"start":{"line":26,"column":22},"end":{"line":26,"column":27}},"6":{"start":{"line":35,"column":4},"end":{"line":35,"column":21}},"7":{"start":{"line":45,"column":4},"end":{"line":45,"column":33}},"8":{"start":{"line":53,"column":4},"end":{"line":53,"column":21}},"9":{"start":{"line":55,"column":4},"end":{"line":55,"column":37}},"10":{"start":{"line":57,"column":4},"end":{"line":57,"column":39}},"11":{"start":{"line":59,"column":4},"end":{"line":59,"column":30}},"12":{"start":{"line":61,"column":4},"end":{"line":61,"column":29}},"13":{"start":{"line":63,"column":4},"end":{"line":63,"column":30}},"14":{"start":{"line":65,"column":4},"end":{"line":65,"column":28}},"15":{"start":{"line":77,"column":4},"end":{"line":87,"column":5}},"16":{"start":{"line":80,"column":6},"end":{"line":82,"column":9}},"17":{"start":{"line":81,"column":8},"end":{"line":81,"column":53}},"18":{"start":{"line":84,"column":6},"end":{"line":86,"column":7}},"19":{"start":{"line":85,"column":8},"end":{"line":85,"column":27}},"20":{"start":{"line":94,"column":4},"end":{"line":100,"column":5}},"21":{"start":{"line":96,"column":6},"end":{"line":99,"column":13}},"22":{"start":{"line":98,"column":12},"end":{"line":98,"column":57}},"23":{"start":{"line":102,"column":4},"end":{"line":102,"column":36}},"24":{"start":{"line":111,"column":17},"end":{"line":111,"column":27}},"25":{"start":{"line":113,"column":4},"end":{"line":113,"column":65}}},"fnMap":{"0":{"name":"(anonymous_0)","decl":{"start":{"line":33,"column":2},"end":{"line":33,"column":3}},"loc":{"start":{"line":33,"column":16},"end":{"line":36,"column":3}},"line":33},"1":{"name":"(anonymous_1)","decl":{"start":{"line":44,"column":2},"end":{"line":44,"column":3}},"loc":{"start":{"line":44,"column":19},"end":{"line":46,"column":3}},"line":44},"2":{"name":"(anonymous_2)","decl":{"start":{"line":51,"column":2},"end":{"line":51,"column":3}},"loc":{"start":{"line":51,"column":14},"end":{"line":66,"column":3}},"line":51},"3":{"name":"(anonymous_3)","decl":{"start":{"line":72,"column":2},"end":{"line":72,"column":3}},"loc":{"start":{"line":72,"column":20},"end":{"line":88,"column":3}},"line":72},"4":{"name":"(anonymous_4)","decl":{"start":{"line":80,"column":58},"end":{"line":80,"column":59}},"loc":{"start":{"line":80,"column":77},"end":{"line":82,"column":7}},"line":80},"5":{"name":"(anonymous_5)","decl":{"start":{"line":93,"column":2},"end":{"line":93,"column":3}},"loc":{"start":{"line":93,"column":16},"end":{"line":103,"column":3}},"line":93},"6":{"name":"(anonymous_6)","decl":{"start":{"line":97,"column":28},"end":{"line":97,"column":29}},"loc":{"start":{"line":97,"column":47},"end":{"line":99,"column":11}},"line":97},"7":{"name":"(anonymous_7)","decl":{"start":{"line":109,"column":2},"end":{"line":109,"column":3}},"loc":{"start":{"line":109,"column":14},"end":{"line":114,"column":3}},"line":109}},"branchMap":{"0":{"loc":{"start":{"line":77,"column":4},"end":{"line":87,"column":5}},"type":"if","locations":[{"start":{"line":77,"column":4},"end":{"line":87,"column":5}},{"start":{},"end":{}}],"line":77},"1":{"loc":{"start":{"line":77,"column":8},"end":{"line":78,"column":22}},"type":"binary-expr","locations":[{"start":{"line":77,"column":8},"end":{"line":77,"column":43}},{"start":{"line":77,"column":47},"end":{"line":77,"column":74}},{"start":{"line":78,"column":6},"end":{"line":78,"column":22}}],"line":77},"2":{"loc":{"start":{"line":84,"column":6},"end":{"line":86,"column":7}},"type":"if","locations":[{"start":{"line":84,"column":6},"end":{"line":86,"column":7}},{"start":{},"end":{}}],"line":84},"3":{"loc":{"start":{"line":94,"column":4},"end":{"line":100,"column":5}},"type":"if","locations":[{"start":{"line":94,"column":4},"end":{"line":100,"column":5}},{"start":{},"end":{}}],"line":94}},"s":{"0":4,"1":5,"2":5,"3":5,"4":5,"5":4,"6":5,"7":3,"8":7,"9":7,"10":7,"11":7,"12":7,"13":7,"14":7,"15":2,"16":1,"17":1,"18":1,"19":1,"20":5,"21":2,"22":4,"23":5,"24":8,"25":8},"f":{"0":5,"1":3,"2":7,"3":2,"4":1,"5":5,"6":4,"7":8},"b":{"0":[1,1],"1":[2,1,1],"2":[1,0],"3":[2,3]},"_coverageSchema":"1a1c01bbd47fc00a2c39e90264f33305004495a9","hash":"45eac7ac0702a3e0c59cf5055fa492a1c200325f"}
,"E:\\JavaScript\\7half\\javascript\\model\\jury.js": {"path":"E:\\JavaScript\\7half\\javascript\\model\\jury.js","statementMap":{"0":{"start":{"line":15,"column":29},"end":{"line":15,"column":32}},"1":{"start":{"line":17,"column":4},"end":{"line":64,"column":5}},"2":{"start":{"line":18,"column":6},"end":{"line":18,"column":43}},"3":{"start":{"line":19,"column":6},"end":{"line":21,"column":53}},"4":{"start":{"line":22,"column":11},"end":{"line":64,"column":5}},"5":{"start":{"line":23,"column":6},"end":{"line":23,"column":40}},"6":{"start":{"line":24,"column":6},"end":{"line":26,"column":70}},"7":{"start":{"line":27,"column":11},"end":{"line":64,"column":5}},"8":{"start":{"line":28,"column":6},"end":{"line":28,"column":40}},"9":{"start":{"line":29,"column":6},"end":{"line":31,"column":34}},"10":{"start":{"line":32,"column":11},"end":{"line":64,"column":5}},"11":{"start":{"line":33,"column":6},"end":{"line":35,"column":53}},"12":{"start":{"line":36,"column":11},"end":{"line":64,"column":5}},"13":{"start":{"line":37,"column":6},"end":{"line":39,"column":70}},"14":{"start":{"line":44,"column":25},"end":{"line":44,"column":66}},"15":{"start":{"line":49,"column":25},"end":{"line":49,"column":69}},"16":{"start":{"line":51,"column":6},"end":{"line":51,"column":45}},"17":{"start":{"line":52,"column":6},"end":{"line":52,"column":45}},"18":{"start":{"line":54,"column":6},"end":{"line":63,"column":7}},"19":{"start":{"line":56,"column":8},"end":{"line":58,"column":53}},"20":{"start":{"line":60,"column":8},"end":{"line":62,"column":70}}},"fnMap":{"0":{"name":"(anonymous_0)","decl":{"start":{"line":14,"column":2},"end":{"line":14,"column":3}},"loc":{"start":{"line":14,"column":41},"end":{"line":65,"column":3}},"line":14}},"branchMap":{"0":{"loc":{"start":{"line":17,"column":4},"end":{"line":64,"column":5}},"type":"if","locations":[{"start":{"line":17,"column":4},"end":{"line":64,"column":5}},{"start":{"line":22,"column":11},"end":{"line":64,"column":5}}],"line":17},"1":{"loc":{"start":{"line":22,"column":11},"end":{"line":64,"column":5}},"type":"if","locations":[{"start":{"line":22,"column":11},"end":{"line":64,"column":5}},{"start":{"line":27,"column":11},"end":{"line":64,"column":5}}],"line":22},"2":{"loc":{"start":{"line":27,"column":11},"end":{"line":64,"column":5}},"type":"if","locations":[{"start":{"line":27,"column":11},"end":{"line":64,"column":5}},{"start":{"line":32,"column":11},"end":{"line":64,"column":5}}],"line":27},"3":{"loc":{"start":{"line":32,"column":11},"end":{"line":64,"column":5}},"type":"if","locations":[{"start":{"line":32,"column":11},"end":{"line":64,"column":5}},{"start":{"line":36,"column":11},"end":{"line":64,"column":5}}],"line":32},"4":{"loc":{"start":{"line":36,"column":11},"end":{"line":64,"column":5}},"type":"if","locations":[{"start":{"line":36,"column":11},"end":{"line":64,"column":5}},{"start":{"line":40,"column":11},"end":{"line":64,"column":5}}],"line":36},"5":{"loc":{"start":{"line":54,"column":6},"end":{"line":63,"column":7}},"type":"if","locations":[{"start":{"line":54,"column":6},"end":{"line":63,"column":7}},{"start":{"line":59,"column":13},"end":{"line":63,"column":7}}],"line":54},"6":{"loc":{"start":{"line":54,"column":10},"end":{"line":55,"column":50}},"type":"binary-expr","locations":[{"start":{"line":54,"column":10},"end":{"line":54,"column":33}},{"start":{"line":55,"column":8},"end":{"line":55,"column":50}}],"line":54}},"s":{"0":16,"1":16,"2":2,"3":2,"4":14,"5":2,"6":2,"7":12,"8":4,"9":4,"10":8,"11":2,"12":6,"13":2,"14":4,"15":4,"16":4,"17":4,"18":4,"19":2,"20":2},"f":{"0":16},"b":{"0":[2,14],"1":[2,12],"2":[4,8],"3":[2,6],"4":[2,4],"5":[2,2],"6":[4,2]},"_coverageSchema":"1a1c01bbd47fc00a2c39e90264f33305004495a9","hash":"2c68ad2ad64fdc373d3b722240f16e59a83e76eb"}
,"E:\\JavaScript\\7half\\javascript\\model\\machine.js": {"path":"E:\\JavaScript\\7half\\javascript\\model\\machine.js","statementMap":{"0":{"start":{"line":12,"column":4},"end":{"line":12,"column":12}},"1":{"start":{"line":32,"column":4},"end":{"line":39,"column":5}},"2":{"start":{"line":33,"column":6},"end":{"line":33,"column":45}},"3":{"start":{"line":34,"column":6},"end":{"line":34,"column":16}},"4":{"start":{"line":36,"column":6},"end":{"line":38,"column":7}},"5":{"start":{"line":37,"column":8},"end":{"line":37,"column":31}}},"fnMap":{"0":{"name":"(anonymous_0)","decl":{"start":{"line":11,"column":2},"end":{"line":11,"column":3}},"loc":{"start":{"line":11,"column":16},"end":{"line":13,"column":3}},"line":11},"1":{"name":"(anonymous_1)","decl":{"start":{"line":31,"column":2},"end":{"line":31,"column":3}},"loc":{"start":{"line":31,"column":52},"end":{"line":40,"column":3}},"line":31}},"branchMap":{"0":{"loc":{"start":{"line":32,"column":11},"end":{"line":32,"column":49}},"type":"binary-expr","locations":[{"start":{"line":32,"column":11},"end":{"line":32,"column":27}},{"start":{"line":32,"column":31},"end":{"line":32,"column":49}}],"line":32},"1":{"loc":{"start":{"line":36,"column":6},"end":{"line":38,"column":7}},"type":"if","locations":[{"start":{"line":36,"column":6},"end":{"line":38,"column":7}},{"start":{},"end":{}}],"line":36}},"s":{"0":8,"1":3,"2":6,"3":6,"4":6,"5":3},"f":{"0":8,"1":3},"b":{"0":[9,6],"1":[3,3]},"_coverageSchema":"1a1c01bbd47fc00a2c39e90264f33305004495a9","hash":"cf1b88562dfd03279dea0e647dca1fdfa39bdc07"}
,"E:\\JavaScript\\7half\\javascript\\model\\player.js": {"path":"E:\\JavaScript\\7half\\javascript\\model\\player.js","statementMap":{"0":{"start":{"line":12,"column":4},"end":{"line":12,"column":12}},"1":{"start":{"line":13,"column":4},"end":{"line":13,"column":26}},"2":{"start":{"line":14,"column":4},"end":{"line":14,"column":26}},"3":{"start":{"line":25,"column":4},"end":{"line":25,"column":26}},"4":{"start":{"line":26,"column":22},"end":{"line":26,"column":69}},"5":{"start":{"line":27,"column":4},"end":{"line":31,"column":5}},"6":{"start":{"line":28,"column":6},"end":{"line":28,"column":37}},"7":{"start":{"line":30,"column":6},"end":{"line":30,"column":31}},"8":{"start":{"line":32,"column":4},"end":{"line":32,"column":32}},"9":{"start":{"line":40,"column":4},"end":{"line":42,"column":5}},"10":{"start":{"line":41,"column":6},"end":{"line":41,"column":23}},"11":{"start":{"line":50,"column":4},"end":{"line":50,"column":21}}},"fnMap":{"0":{"name":"(anonymous_0)","decl":{"start":{"line":11,"column":2},"end":{"line":11,"column":3}},"loc":{"start":{"line":11,"column":16},"end":{"line":15,"column":3}},"line":11},"1":{"name":"(anonymous_1)","decl":{"start":{"line":24,"column":2},"end":{"line":24,"column":3}},"loc":{"start":{"line":24,"column":30},"end":{"line":33,"column":3}},"line":24},"2":{"name":"(anonymous_2)","decl":{"start":{"line":39,"column":2},"end":{"line":39,"column":3}},"loc":{"start":{"line":39,"column":16},"end":{"line":43,"column":3}},"line":39},"3":{"name":"(anonymous_3)","decl":{"start":{"line":49,"column":2},"end":{"line":49,"column":3}},"loc":{"start":{"line":49,"column":12},"end":{"line":51,"column":3}},"line":49}},"branchMap":{"0":{"loc":{"start":{"line":27,"column":4},"end":{"line":31,"column":5}},"type":"if","locations":[{"start":{"line":27,"column":4},"end":{"line":31,"column":5}},{"start":{"line":29,"column":11},"end":{"line":31,"column":5}}],"line":27},"1":{"loc":{"start":{"line":40,"column":4},"end":{"line":42,"column":5}},"type":"if","locations":[{"start":{"line":40,"column":4},"end":{"line":42,"column":5}},{"start":{},"end":{}}],"line":40}},"s":{"0":18,"1":18,"2":18,"3":12,"4":12,"5":12,"6":10,"7":2,"8":12,"9":2,"10":1,"11":38},"f":{"0":18,"1":12,"2":2,"3":38},"b":{"0":[10,2],"1":[1,1]},"_coverageSchema":"1a1c01bbd47fc00a2c39e90264f33305004495a9","hash":"981cf83273fb966164bfbefe16b2d0e93141481f"}
}
