TN:
SF:javascript\model\card.js
FN:16,(anonymous_0)
FNF:1
FNH:1
FNDA:487,(anonymous_0)
DA:8,5
DA:9,5
DA:17,487
DA:18,487
LF:4
LH:4
BRF:0
BRH:0
end_of_record
TN:
SF:javascript\model\deck.js
FN:9,(anonymous_0)
FN:16,(anonymous_1)
FN:23,(anonymous_2)
FN:34,(anonymous_3)
FN:45,(anonymous_4)
FN:53,(anonymous_5)
FNF:6
FNH:6
FNDA:32,(anonymous_0)
FNDA:8,(anonymous_1)
FNDA:12,(anonymous_2)
FNDA:11,(anonymous_3)
FNDA:13,(anonymous_4)
FNDA:16,(anonymous_5)
DA:10,32
DA:17,8
DA:24,12
DA:25,48
DA:26,480
DA:35,11
DA:36,429
DA:37,429
DA:46,13
DA:54,16
LF:10
LH:10
BRF:0
BRH:0
end_of_record
TN:
SF:javascript\model\game.js
FN:33,(anonymous_0)
FN:44,(anonymous_1)
FN:51,(anonymous_2)
FN:72,(anonymous_3)
FN:80,(anonymous_4)
FN:93,(anonymous_5)
FN:97,(anonymous_6)
FN:109,(anonymous_7)
FNF:8
FNH:8
FNDA:5,(anonymous_0)
FNDA:3,(anonymous_1)
FNDA:7,(anonymous_2)
FNDA:2,(anonymous_3)
FNDA:1,(anonymous_4)
FNDA:5,(anonymous_5)
FNDA:4,(anonymous_6)
FNDA:8,(anonymous_7)
DA:16,4
DA:18,5
DA:20,5
DA:22,5
DA:24,5
DA:26,4
DA:35,5
DA:45,3
DA:53,7
DA:55,7
DA:57,7
DA:59,7
DA:61,7
DA:63,7
DA:65,7
DA:77,2
DA:80,1
DA:81,1
DA:84,1
DA:85,1
DA:94,5
DA:96,2
DA:98,4
DA:102,5
DA:111,8
DA:113,8
LF:26
LH:26
BRDA:77,0,0,1
BRDA:77,0,1,1
BRDA:77,1,0,2
BRDA:77,1,1,1
BRDA:77,1,2,1
BRDA:84,2,0,1
BRDA:84,2,1,0
BRDA:94,3,0,2
BRDA:94,3,1,3
BRF:9
BRH:8
end_of_record
TN:
SF:javascript\model\jury.js
FN:14,(anonymous_0)
FNF:1
FNH:1
FNDA:16,(anonymous_0)
DA:15,16
DA:17,16
DA:18,2
DA:19,2
DA:22,14
DA:23,2
DA:24,2
DA:27,12
DA:28,4
DA:29,4
DA:32,8
DA:33,2
DA:36,6
DA:37,2
DA:44,4
DA:49,4
DA:51,4
DA:52,4
DA:54,4
DA:56,2
DA:60,2
LF:21
LH:21
BRDA:17,0,0,2
BRDA:17,0,1,14
BRDA:22,1,0,2
BRDA:22,1,1,12
BRDA:27,2,0,4
BRDA:27,2,1,8
BRDA:32,3,0,2
BRDA:32,3,1,6
BRDA:36,4,0,2
BRDA:36,4,1,4
BRDA:54,5,0,2
BRDA:54,5,1,2
BRDA:54,6,0,4
BRDA:54,6,1,2
BRF:14
BRH:14
end_of_record
TN:
SF:javascript\model\machine.js
FN:11,(anonymous_0)
FN:31,(anonymous_1)
FNF:2
FNH:2
FNDA:8,(anonymous_0)
FNDA:3,(anonymous_1)
DA:12,8
DA:32,3
DA:33,6
DA:34,6
DA:36,6
DA:37,3
LF:6
LH:6
BRDA:32,0,0,9
BRDA:32,0,1,6
BRDA:36,1,0,3
BRDA:36,1,1,3
BRF:4
BRH:4
end_of_record
TN:
SF:javascript\model\player.js
FN:11,(anonymous_0)
FN:24,(anonymous_1)
FN:39,(anonymous_2)
FN:49,(anonymous_3)
FNF:4
FNH:4
FNDA:18,(anonymous_0)
FNDA:12,(anonymous_1)
FNDA:2,(anonymous_2)
FNDA:38,(anonymous_3)
DA:12,18
DA:13,18
DA:14,18
DA:25,12
DA:26,12
DA:27,12
DA:28,10
DA:30,2
DA:32,12
DA:40,2
DA:41,1
DA:50,38
LF:12
LH:12
BRDA:27,0,0,10
BRDA:27,0,1,2
BRDA:40,1,0,1
BRDA:40,1,1,1
BRF:4
BRH:4
end_of_record
